<?xml version="1.0" encoding="UTF-8"?>
<!-- Generated by org.testng.reporters.JUnitReportReporter -->
<testsuite hostname="DESKTOP-76O6G7C" failures="0" tests="5" name="teatng.Demo6" time="0.057" errors="0" timestamp="2022-08-03T15:57:09 IST" skipped="0">
  <testcase classname="teatng.Demo6" name="test3" time="0.029"/>
  <system-out>
    <![CDATA[MY older brother name is Vivek patil]]>
  </system-out>
  <testcase classname="teatng.Demo6" name="test4" time="0.007"/>
  <system-out>
    <![CDATA[MY name is Nitesh patil]]>
  </system-out>
  <testcase classname="teatng.Demo6" name="test1" time="0.003"/>
  <system-out>
    <![CDATA[Main Famliy Start from father]]>
  </system-out>
  <testcase classname="teatng.Demo6" name="test5" time="0.003"/>
  <system-out>
    <![CDATA[my Sister in law Shes Name Sunita Patil]]>
  </system-out>
  <testcase classname="teatng.Demo6" name="test2" time="0.015"/>
  <system-out>
    <![CDATA[MOther name is [Surekha]]>
  </system-out>
</testsuite> <!-- teatng.Demo6 -->
