<?xml version="1.0" encoding="UTF-8"?>
<!-- Generated by org.testng.reporters.JUnitReportReporter -->
<testsuite hostname="DESKTOP-76O6G7C" failures="0" tests="5" name="teatng.Demo3" time="0.057" errors="0" timestamp="2022-08-03T15:22:04 IST" skipped="0">
  <testcase classname="teatng.Demo3" name="test3" time="0.030"/>
  <system-out>
    <![CDATA[From Dhule]]>
  </system-out>
  <testcase classname="teatng.Demo3" name="test2" time="0.004"/>
  <system-out>
    <![CDATA[I am A electrical Engineer]]>
  </system-out>
  <testcase classname="teatng.Demo3" name="test4" time="0.005"/>
  <system-out>
    <![CDATA[GaRaduation Completed in BaMu]]>
  </system-out>
  <testcase classname="teatng.Demo3" name="test1" time="0.015"/>
  <system-out>
    <![CDATA[Hi My name is Nitesh]]>
  </system-out>
  <testcase classname="teatng.Demo3" name="test5" time="0.003"/>
  <system-out>
    <![CDATA[Currently work as Software Tester]]>
  </system-out>
</testsuite> <!-- teatng.Demo3 -->
