<?xml version="1.0" encoding="UTF-8"?>
<!-- Generated by org.testng.reporters.JUnitReportReporter -->
<testsuite hostname="DESKTOP-76O6G7C" failures="0" tests="4" name="teatng.Demo1" time="0.035" errors="0" timestamp="2022-08-02T21:59:40 IST" skipped="0">
  <testcase classname="teatng.Demo1" name="Test1" time="0.026"/>
  <system-out>
    <![CDATA[HEllo there MY name is nitesh patil]]>
  </system-out>
  <testcase classname="teatng.Demo1" name="Test4" time="0.004"/>
  <system-out>
    <![CDATA[currently I am working as software devoleper]]>
  </system-out>
  <testcase classname="teatng.Demo1" name="Test2" time="0.002"/>
  <system-out>
    <![CDATA[i am from dhule district]]>
  </system-out>
  <testcase classname="teatng.Demo1" name="Test3" time="0.003"/>
  <system-out>
    <![CDATA[I completed my graduation from bamu University]]>
  </system-out>
</testsuite> <!-- teatng.Demo1 -->
