<?xml version="1.0" encoding="UTF-8"?>
<!-- Generated by org.testng.reporters.JUnitReportReporter -->
<testsuite hostname="DESKTOP-76O6G7C" failures="0" tests="1" name="teatng.Sample4" time="0.024" errors="0" timestamp="2022-08-16T15:25:51 IST" skipped="0">
  <testcase classname="teatng.Sample4" name="test7" time="0.024"/>
  <system-out>
    <![CDATA[test7 is pass]]>
  </system-out>
</testsuite> <!-- teatng.Sample4 -->
