<?xml version="1.0" encoding="UTF-8"?>
<!-- Generated by org.testng.reporters.JUnitReportReporter -->
<testsuite hostname="DESKTOP-76O6G7C" failures="0" tests="1" name="teatng.Demo2" time="0.026" errors="0" timestamp="2022-08-03T01:26:59 IST" skipped="0">
  <testcase classname="teatng.Demo2" name="test3" time="0.026"/>
  <system-out>
    <![CDATA[MY older brother name is Vivek patil]]>
  </system-out>
</testsuite> <!-- teatng.Demo2 -->
