<?xml version="1.0" encoding="UTF-8"?>
<!-- Generated by org.testng.reporters.JUnitReportReporter -->
<testsuite hostname="DESKTOP-76O6G7C" failures="0" tests="2" name="teatng.Sample3" time="0.036" errors="0" timestamp="2022-08-07T00:47:35 IST" skipped="0">
  <testcase classname="teatng.Sample3" name="test1" time="0.004"/>
  <system-out>
    <![CDATA[test 1 is running]]>
  </system-out>
  <testcase classname="teatng.Sample3" name="test5" time="0.032"/>
  <system-out>
    <![CDATA[test 5 is running]]>
  </system-out>
</testsuite> <!-- teatng.Sample3 -->
