<?xml version="1.0" encoding="UTF-8"?>
<!-- Generated by org.testng.reporters.JUnitReportReporter -->
<testsuite hostname="DESKTOP-76O6G7C" failures="0" tests="5" name="teatng.Demo4" time="0.043" errors="0" timestamp="2022-08-03T15:42:00 IST" skipped="2">
  <testcase classname="teatng.Demo4" name="test5" time="0.003"/>
  <system-out>
    <![CDATA[Good Evening MY Brother and Sisters]]>
  </system-out>
  <testcase classname="teatng.Demo4" name="test4" time="0.003"/>
  <system-out>
    <![CDATA[good evening Ladies and Gentalman ...]]>
  </system-out>
  <testcase classname="teatng.Demo4" name="test2" time="0.037"/>
  <system-out>
    <![CDATA[Hello GUyss]]>
  </system-out>
  <testcase classname="teatng.Demo4" name="test1">
    <skipped/>
  </testcase> <!-- test1 -->
  <system-out/>
  <testcase classname="teatng.Demo4" name="test3">
    <skipped/>
  </testcase> <!-- test3 -->
  <system-out/>
</testsuite> <!-- teatng.Demo4 -->
