<?xml version="1.0" encoding="UTF-8"?>
<!-- Generated by org.testng.reporters.JUnitReportReporter -->
<testsuite hostname="DESKTOP-76O6G7C" failures="0" tests="2" name="teatng.Demo5" time="2.047" errors="0" timestamp="2022-08-03T15:51:21 IST" skipped="0">
  <testcase classname="teatng.Demo5" name="test1" time="2.044"/>
  <system-out>
    <![CDATA[HEloo there=]]>
  </system-out>
  <testcase classname="teatng.Demo5" name="test2" time="0.003"/>
  <system-out>
    <![CDATA[MY self nitesh]]>
  </system-out>
</testsuite> <!-- teatng.Demo5 -->
